This file contains any messages produced by compilers while
running configure, to aid debugging if configure makes a mistake.

It was created by libuv configure 1.34.2, which was
generated by GNU Autoconf 2.69.  Invocation command line was

  $ /home/hyx/neovim/.deps/build/src/libuv/configure --with-pic --disable-shared --prefix=/home/hyx/neovim/.deps/usr --libdir=/home/hyx/neovim/.deps/usr/lib CC=/usr/bin/cc MAKE=/usr/bin/make

## --------- ##
## Platform. ##
## --------- ##

hostname = hyx-Lenovo-XiaoXin-Air-13IWL
uname -m = x86_64
uname -r = 5.8.0-59-generic
uname -s = Linux
uname -v = #66~20.04.1-Ubuntu SMP Thu Jun 17 11:14:10 UTC 2021

/usr/bin/uname -p = x86_64
/bin/uname -X     = unknown

/bin/arch              = x86_64
/usr/bin/arch -k       = unknown
/usr/convex/getsysinfo = unknown
/usr/bin/hostinfo      = unknown
/bin/machine           = unknown
/usr/bin/oslevel       = unknown
/bin/universe          = unknown

PATH: /usr/local/cuda-11.4/bin
PATH: /home/hyx/.local/bin
PATH: /home/hyx/.pyenv/plugins/pyenv-virtualenv/shims
PATH: /home/hyx/.pyenv/shims
PATH: /home/hyx/.pyenv/bin
PATH: /home/hyx/.pyenv/shims
PATH: /home/hyx/.local/bin
PATH: /home/hyx/.pyenv/bin
PATH: /usr/local/sbin
PATH: /usr/local/bin
PATH: /usr/sbin
PATH: /usr/bin
PATH: /sbin
PATH: /bin
PATH: /usr/games
PATH: /usr/local/games
PATH: /snap/bin
PATH: /home/hyx/.fzf/bin


## ----------- ##
## Core tests. ##
## ----------- ##

configure:2361: checking for a BSD-compatible install
configure:2429: result: /usr/bin/install -c
configure:2440: checking whether build environment is sane
configure:2495: result: yes
configure:2644: checking for a thread-safe mkdir -p
configure:2683: result: /usr/bin/mkdir -p
configure:2690: checking for gawk
configure:2720: result: no
configure:2690: checking for mawk
configure:2706: found /usr/bin/mawk
configure:2717: result: mawk
configure:2728: checking whether /usr/bin/make sets $(MAKE)
configure:2750: result: yes
configure:2779: checking whether /usr/bin/make supports nested variables
configure:2796: result: yes
configure:2926: checking build system type
configure:2940: result: x86_64-pc-linux-gnu
configure:2960: checking host system type
configure:2973: result: x86_64-pc-linux-gnu
configure:3103: checking for gcc
configure:3130: result: /usr/bin/cc
configure:3359: checking for C compiler version
configure:3368: /usr/bin/cc --version >&5
cc (Ubuntu 9.3.0-17ubuntu1~20.04) 9.3.0
Copyright (C) 2019 Free Software Foundation, Inc.
This is free software; see the source for copying conditions.  There is NO
warranty; not even for MERCHANTABILITY or FITNESS FOR A PARTICULAR PURPOSE.

configure:3379: $? = 0
configure:3368: /usr/bin/cc -v >&5
Using built-in specs.
COLLECT_GCC=/usr/bin/cc
COLLECT_LTO_WRAPPER=/usr/lib/gcc/x86_64-linux-gnu/9/lto-wrapper
OFFLOAD_TARGET_NAMES=nvptx-none:hsa
OFFLOAD_TARGET_DEFAULT=1
Target: x86_64-linux-gnu
Configured with: ../src/configure -v --with-pkgversion='Ubuntu 9.3.0-17ubuntu1~20.04' --with-bugurl=file:///usr/share/doc/gcc-9/README.Bugs --enable-languages=c,ada,c++,go,brig,d,fortran,objc,obj-c++,gm2 --prefix=/usr --with-gcc-major-version-only --program-suffix=-9 --program-prefix=x86_64-linux-gnu- --enable-shared --enable-linker-build-id --libexecdir=/usr/lib --without-included-gettext --enable-threads=posix --libdir=/usr/lib --enable-nls --enable-clocale=gnu --enable-libstdcxx-debug --enable-libstdcxx-time=yes --with-default-libstdcxx-abi=new --enable-gnu-unique-object --disable-vtable-verify --enable-plugin --enable-default-pie --with-system-zlib --with-target-system-zlib=auto --enable-objc-gc=auto --enable-multiarch --disable-werror --with-arch-32=i686 --with-abi=m64 --with-multilib-list=m32,m64,mx32 --enable-multilib --with-tune=generic --enable-offload-targets=nvptx-none=/build/gcc-9-HskZEa/gcc-9-9.3.0/debian/tmp-nvptx/usr,hsa --without-cuda-driver --enable-checking=release --build=x86_64-linux-gnu --host=x86_64-linux-gnu --target=x86_64-linux-gnu
Thread model: posix
gcc version 9.3.0 (Ubuntu 9.3.0-17ubuntu1~20.04) 
configure:3379: $? = 0
configure:3368: /usr/bin/cc -V >&5
cc: error: unrecognized command line option '-V'
cc: fatal error: no input files
compilation terminated.
configure:3379: $? = 1
configure:3368: /usr/bin/cc -qversion >&5
cc: error: unrecognized command line option '-qversion'; did you mean '--version'?
cc: fatal error: no input files
compilation terminated.
configure:3379: $? = 1
configure:3399: checking whether the C compiler works
configure:3421: /usr/bin/cc    conftest.c  >&5
configure:3425: $? = 0
configure:3473: result: yes
configure:3476: checking for C compiler default output file name
configure:3478: result: a.out
configure:3484: checking for suffix of executables
configure:3491: /usr/bin/cc -o conftest    conftest.c  >&5
configure:3495: $? = 0
configure:3517: result: 
configure:3539: checking whether we are cross compiling
configure:3547: /usr/bin/cc -o conftest    conftest.c  >&5
configure:3551: $? = 0
configure:3558: ./conftest
configure:3562: $? = 0
configure:3550: result: no
configure:3555: checking for suffix of object files
configure:3577: /usr/bin/cc -c   conftest.c >&5
configure:3581: $? = 0
configure:3602: result: o
configure:3606: checking whether we are using the GNU C compiler
configure:3625: /usr/bin/cc -c   conftest.c >&5
configure:3625: $? = 0
configure:3634: result: yes
configure:3643: checking whether /usr/bin/cc accepts -g
configure:3663: /usr/bin/cc -c -g  conftest.c >&5
configure:3663: $? = 0
configure:3704: result: yes
configure:3721: checking for /usr/bin/cc option to accept ISO C89
configure:3784: /usr/bin/cc  -c -g -O2  conftest.c >&5
configure:3784: $? = 0
configure:3797: result: none needed
configure:3822: checking whether /usr/bin/cc understands -c and -o together
configure:3844: /usr/bin/cc -c conftest.c -o conftest2.o
configure:3847: $? = 0
configure:3844: /usr/bin/cc -c conftest.c -o conftest2.o
configure:3847: $? = 0
configure:3859: result: yes
configure:3879: checking whether /usr/bin/make supports the include directive
configure:3894: /usr/bin/make -f confmf.GNU && cat confinc.out
make[1]: Entering directory '/home/hyx/neovim/.deps/build/src/libuv-build'
make[1]: Leaving directory '/home/hyx/neovim/.deps/build/src/libuv-build'
this is the am__doit target
configure:3897: $? = 0
configure:3911: result: yes (GNU style)
configure:3936: checking dependency style of /usr/bin/cc
configure:4047: result: gcc3
configure:4065: checking for /usr/bin/cc way to treat warnings as errors
configure:4080: /usr/bin/cc -c -g -O2 -Werror  conftest.c >&5
configure:4080: $? = 0
configure:4123: result: -Werror
configure:4128: checking if /usr/bin/cc supports -fvisibility=hidden
configure:4145: /usr/bin/cc -c -g -O2 -Werror -fvisibility=hidden  conftest.c >&5
configure:4145: $? = 0
configure:4164: result: yes
configure:4177: checking if /usr/bin/cc supports -g flag
configure:4192: /usr/bin/cc -c -g -O2 -g  conftest.c >&5
configure:4192: $? = 0
configure:4209: result: yes
configure:4221: checking if /usr/bin/cc supports -std=gnu89 flag
configure:4236: /usr/bin/cc -c -g -O2 -g -std=gnu89  conftest.c >&5
configure:4236: $? = 0
configure:4253: result: yes
configure:4265: checking if /usr/bin/cc supports -Wall flag
configure:4280: /usr/bin/cc -c -g -O2 -g -std=gnu89 -Wall  conftest.c >&5
configure:4280: $? = 0
configure:4297: result: yes
configure:4309: checking if /usr/bin/cc supports -Wextra flag
configure:4324: /usr/bin/cc -c -g -O2 -g -std=gnu89 -Wall -Wextra  conftest.c >&5
configure:4324: $? = 0
configure:4341: result: yes
configure:4353: checking if /usr/bin/cc supports -Wno-long-long flag
configure:4368: /usr/bin/cc -c -g -O2 -g -std=gnu89 -Wall -Wextra -Wno-long-long  conftest.c >&5
configure:4368: $? = 0
configure:4385: result: yes
configure:4397: checking if /usr/bin/cc supports -Wno-unused-parameter flag
configure:4412: /usr/bin/cc -c -g -O2 -g -std=gnu89 -Wall -Wextra -Wno-long-long -Wno-unused-parameter  conftest.c >&5
configure:4412: $? = 0
configure:4429: result: yes
configure:4441: checking if /usr/bin/cc supports -Wstrict-prototypes flag
configure:4456: /usr/bin/cc -c -g -O2 -g -std=gnu89 -Wall -Wextra -Wno-long-long -Wno-unused-parameter -Wstrict-prototypes  conftest.c >&5
configure:4456: $? = 0
configure:4473: result: yes
configure:4532: checking for ar
configure:4548: found /usr/bin/ar
configure:4559: result: ar
configure:4585: checking the archiver (ar) interface
configure:4601: /usr/bin/cc -c -g -O2 -g -std=gnu89 -Wall -Wextra -Wno-long-long -Wno-unused-parameter -Wstrict-prototypes  conftest.c >&5
configure:4601: $? = 0
configure:4603: ar cru libconftest.a conftest.o >&5
ar: `u' modifier ignored since `D' is the default (see `U')
configure:4606: $? = 0
configure:4605: result: ar
configure:4672: checking how to print strings
configure:4699: result: printf
configure:4720: checking for a sed that does not truncate output
configure:4784: result: /usr/bin/sed
configure:4802: checking for grep that handles long lines and -e
configure:4860: result: /usr/bin/grep
configure:4865: checking for egrep
configure:4927: result: /usr/bin/grep -E
configure:4932: checking for fgrep
configure:4994: result: /usr/bin/grep -F
configure:5029: checking for ld used by /usr/bin/cc
configure:5096: result: /usr/bin/ld
configure:5103: checking if the linker (/usr/bin/ld) is GNU ld
configure:5118: result: yes
configure:5130: checking for BSD- or MS-compatible name lister (nm)
configure:5184: result: /usr/bin/nm -B
configure:5314: checking the name lister (/usr/bin/nm -B) interface
configure:5321: /usr/bin/cc -c -g -O2 -g -std=gnu89 -Wall -Wextra -Wno-long-long -Wno-unused-parameter -Wstrict-prototypes  conftest.c >&5
configure:5324: /usr/bin/nm -B "conftest.o"
configure:5327: output
0000000000000000 B some_variable
configure:5328: result: BSD nm
configure:5331: checking whether ln -s works
configure:5335: result: yes
configure:5343: checking the maximum length of command line arguments
configure:5474: result: 1572864
configure:5522: checking how to convert x86_64-pc-linux-gnu file names to x86_64-pc-linux-gnu format
configure:5562: result: func_convert_file_noop
configure:5569: checking how to convert x86_64-pc-linux-gnu file names to toolchain format
configure:5589: result: func_convert_file_noop
configure:5596: checking for /usr/bin/ld option to reload object files
configure:5603: result: -r
configure:5677: checking for objdump
configure:5693: found /usr/bin/objdump
configure:5704: result: objdump
configure:5736: checking how to recognize dependent libraries
configure:5936: result: pass_all
configure:6021: checking for dlltool
configure:6051: result: no
configure:6081: checking how to associate runtime and link libraries
configure:6108: result: printf %s\n
configure:6232: checking for archiver @FILE support
configure:6249: /usr/bin/cc -c -g -O2 -g -std=gnu89 -Wall -Wextra -Wno-long-long -Wno-unused-parameter -Wstrict-prototypes  conftest.c >&5
conftest.c:14:1: warning: function declaration isn't a prototype [-Wstrict-prototypes]
   14 | main ()
      | ^~~~
configure:6249: $? = 0
configure:6252: ar cr libconftest.a @conftest.lst >&5
configure:6255: $? = 0
configure:6260: ar cr libconftest.a @conftest.lst >&5
ar: conftest.o: No such file or directory
configure:6263: $? = 1
configure:6262: result: @
configure:6320: checking for strip
configure:6336: found /usr/bin/strip
configure:6347: result: strip
configure:6419: checking for ranlib
configure:6435: found /usr/bin/ranlib
configure:6446: result: ranlib
configure:6548: checking command to parse /usr/bin/nm -B output from /usr/bin/cc object
configure:6701: /usr/bin/cc -c -g -O2 -g -std=gnu89 -Wall -Wextra -Wno-long-long -Wno-unused-parameter -Wstrict-prototypes  conftest.c >&5
conftest.c:10:5: warning: function declaration isn't a prototype [-Wstrict-prototypes]
   10 | int main(){nm_test_var='a';nm_test_func();return(0);}
      |     ^~~~
configure:6704: $? = 0
configure:6708: /usr/bin/nm -B conftest.o | sed -n -e 's/^.*[	 ]\([ABCDGIRSTW][ABCDGIRSTW]*\)[	 ][	 ]*\([_A-Za-z][_A-Za-z0-9]*\)$/\1 \2 \2/p' | sed '/ __gnu_lto/d' > conftest.nm
configure:6774: /usr/bin/cc -o conftest -g -O2 -g -std=gnu89 -Wall -Wextra -Wno-long-long -Wno-unused-parameter -Wstrict-prototypes   conftest.c conftstm.o >&5
conftest.c:18:1: warning: function declaration isn't a prototype [-Wstrict-prototypes]
   18 | extern int nm_test_func();
      | ^~~~~~
configure:6777: $? = 0
configure:6815: result: ok
configure:6862: checking for sysroot
configure:6892: result: no
configure:6899: checking for a working dd
configure:6937: result: /usr/bin/dd
configure:6941: checking how to truncate binary pipes
configure:6956: result: /usr/bin/dd bs=4096 count=1
configure:7092: /usr/bin/cc -c -g -O2 -g -std=gnu89 -Wall -Wextra -Wno-long-long -Wno-unused-parameter -Wstrict-prototypes  conftest.c >&5
configure:7095: $? = 0
configure:7285: checking for mt
configure:7301: found /usr/bin/mt
configure:7312: result: mt
configure:7335: checking if mt is a manifest tool
configure:7341: mt '-?'
configure:7349: result: no
configure:8026: checking how to run the C preprocessor
configure:8057: /usr/bin/cc -E  conftest.c
configure:8057: $? = 0
configure:8071: /usr/bin/cc -E  conftest.c
conftest.c:12:10: fatal error: ac_nonexistent.h: No such file or directory
   12 | #include <ac_nonexistent.h>
      |          ^~~~~~~~~~~~~~~~~~
compilation terminated.
configure:8071: $? = 1
configure: failed program was:
| /* confdefs.h */
| #define PACKAGE_NAME "libuv"
| #define PACKAGE_TARNAME "libuv"
| #define PACKAGE_VERSION "1.34.2"
| #define PACKAGE_STRING "libuv 1.34.2"
| #define PACKAGE_BUGREPORT "https://github.com/libuv/libuv/issues"
| #define PACKAGE_URL ""
| #define PACKAGE "libuv"
| #define VERSION "1.34.2"
| #define SUPPORT_FLAG_VISIBILITY 1
| /* end confdefs.h.  */
| #include <ac_nonexistent.h>
configure:8096: result: /usr/bin/cc -E
configure:8116: /usr/bin/cc -E  conftest.c
configure:8116: $? = 0
configure:8130: /usr/bin/cc -E  conftest.c
conftest.c:12:10: fatal error: ac_nonexistent.h: No such file or directory
   12 | #include <ac_nonexistent.h>
      |          ^~~~~~~~~~~~~~~~~~
compilation terminated.
configure:8130: $? = 1
configure: failed program was:
| /* confdefs.h */
| #define PACKAGE_NAME "libuv"
| #define PACKAGE_TARNAME "libuv"
| #define PACKAGE_VERSION "1.34.2"
| #define PACKAGE_STRING "libuv 1.34.2"
| #define PACKAGE_BUGREPORT "https://github.com/libuv/libuv/issues"
| #define PACKAGE_URL ""
| #define PACKAGE "libuv"
| #define VERSION "1.34.2"
| #define SUPPORT_FLAG_VISIBILITY 1
| /* end confdefs.h.  */
| #include <ac_nonexistent.h>
configure:8159: checking for ANSI C header files
configure:8179: /usr/bin/cc -c -g -O2 -g -std=gnu89 -Wall -Wextra -Wno-long-long -Wno-unused-parameter -Wstrict-prototypes  conftest.c >&5
conftest.c:18:1: warning: function declaration isn't a prototype [-Wstrict-prototypes]
   18 | main ()
      | ^~~~
configure:8179: $? = 0
configure:8252: /usr/bin/cc -o conftest -g -O2 -g -std=gnu89 -Wall -Wextra -Wno-long-long -Wno-unused-parameter -Wstrict-prototypes   conftest.c  >&5
conftest.c:24:1: warning: function declaration isn't a prototype [-Wstrict-prototypes]
   24 | main ()
      | ^~~~
configure:8252: $? = 0
configure:8252: ./conftest
configure:8252: $? = 0
configure:8263: result: yes
configure:8276: checking for sys/types.h
configure:8276: /usr/bin/cc -c -g -O2 -g -std=gnu89 -Wall -Wextra -Wno-long-long -Wno-unused-parameter -Wstrict-prototypes  conftest.c >&5
configure:8276: $? = 0
configure:8276: result: yes
configure:8276: checking for sys/stat.h
configure:8276: /usr/bin/cc -c -g -O2 -g -std=gnu89 -Wall -Wextra -Wno-long-long -Wno-unused-parameter -Wstrict-prototypes  conftest.c >&5
configure:8276: $? = 0
configure:8276: result: yes
configure:8276: checking for stdlib.h
configure:8276: /usr/bin/cc -c -g -O2 -g -std=gnu89 -Wall -Wextra -Wno-long-long -Wno-unused-parameter -Wstrict-prototypes  conftest.c >&5
configure:8276: $? = 0
configure:8276: result: yes
configure:8276: checking for string.h
configure:8276: /usr/bin/cc -c -g -O2 -g -std=gnu89 -Wall -Wextra -Wno-long-long -Wno-unused-parameter -Wstrict-prototypes  conftest.c >&5
configure:8276: $? = 0
configure:8276: result: yes
configure:8276: checking for memory.h
configure:8276: /usr/bin/cc -c -g -O2 -g -std=gnu89 -Wall -Wextra -Wno-long-long -Wno-unused-parameter -Wstrict-prototypes  conftest.c >&5
configure:8276: $? = 0
configure:8276: result: yes
configure:8276: checking for strings.h
configure:8276: /usr/bin/cc -c -g -O2 -g -std=gnu89 -Wall -Wextra -Wno-long-long -Wno-unused-parameter -Wstrict-prototypes  conftest.c >&5
configure:8276: $? = 0
configure:8276: result: yes
configure:8276: checking for inttypes.h
configure:8276: /usr/bin/cc -c -g -O2 -g -std=gnu89 -Wall -Wextra -Wno-long-long -Wno-unused-parameter -Wstrict-prototypes  conftest.c >&5
configure:8276: $? = 0
configure:8276: result: yes
configure:8276: checking for stdint.h
configure:8276: /usr/bin/cc -c -g -O2 -g -std=gnu89 -Wall -Wextra -Wno-long-long -Wno-unused-parameter -Wstrict-prototypes  conftest.c >&5
configure:8276: $? = 0
configure:8276: result: yes
configure:8276: checking for unistd.h
configure:8276: /usr/bin/cc -c -g -O2 -g -std=gnu89 -Wall -Wextra -Wno-long-long -Wno-unused-parameter -Wstrict-prototypes  conftest.c >&5
configure:8276: $? = 0
configure:8276: result: yes
configure:8290: checking for dlfcn.h
configure:8290: /usr/bin/cc -c -g -O2 -g -std=gnu89 -Wall -Wextra -Wno-long-long -Wno-unused-parameter -Wstrict-prototypes  conftest.c >&5
configure:8290: $? = 0
configure:8290: result: yes
configure:8486: checking for objdir
configure:8501: result: .libs
configure:8765: checking if /usr/bin/cc supports -fno-rtti -fno-exceptions
configure:8783: /usr/bin/cc -c -g -O2 -g -std=gnu89 -Wall -Wextra -Wno-long-long -Wno-unused-parameter -Wstrict-prototypes  -fno-rtti -fno-exceptions conftest.c >&5
cc1: warning: command line option '-fno-rtti' is valid for C++/D/ObjC++ but not for C
configure:8787: $? = 0
configure:8800: result: no
configure:9164: checking for /usr/bin/cc option to produce PIC
configure:9171: result: -fPIC -DPIC
configure:9179: checking if /usr/bin/cc PIC flag -fPIC -DPIC works
configure:9197: /usr/bin/cc -c -g -O2 -g -std=gnu89 -Wall -Wextra -Wno-long-long -Wno-unused-parameter -Wstrict-prototypes  -fPIC -DPIC -DPIC conftest.c >&5
configure:9201: $? = 0
configure:9214: result: yes
configure:9243: checking if /usr/bin/cc static flag -static works
conftest.c:1:5: warning: function declaration isn't a prototype [-Wstrict-prototypes]
    1 | int main(){return(0);}
      |     ^~~~
configure:9271: result: yes
configure:9286: checking if /usr/bin/cc supports -c -o file.o
configure:9307: /usr/bin/cc -c -g -O2 -g -std=gnu89 -Wall -Wextra -Wno-long-long -Wno-unused-parameter -Wstrict-prototypes  -o out/conftest2.o conftest.c >&5
configure:9311: $? = 0
configure:9333: result: yes
configure:9341: checking if /usr/bin/cc supports -c -o file.o
configure:9388: result: yes
configure:9421: checking whether the /usr/bin/cc linker (/usr/bin/ld -m elf_x86_64) supports shared libraries
configure:10684: result: yes
configure:10924: checking dynamic linker characteristics
configure:11505: /usr/bin/cc -o conftest -g -O2 -g -std=gnu89 -Wall -Wextra -Wno-long-long -Wno-unused-parameter -Wstrict-prototypes   -Wl,-rpath -Wl,/foo conftest.c  >&5
conftest.c:26:1: warning: function declaration isn't a prototype [-Wstrict-prototypes]
   26 | main ()
      | ^~~~
configure:11505: $? = 0
configure:11754: result: GNU/Linux ld.so
configure:11876: checking how to hardcode library paths into programs
configure:11901: result: immediate
configure:12449: checking whether stripping libraries is possible
configure:12454: result: yes
configure:12489: checking if libtool supports shared libraries
configure:12491: result: yes
configure:12494: checking whether to build shared libraries
configure:12519: result: no
configure:12522: checking whether to build static libraries
configure:12526: result: yes
configure:9350: checking whether /usr/bin/make supports nested variables
configure:9367: result: yes
configure:9380: checking for dlopen in -ldl
configure:9405: /usr/bin/cc -o conftest -g -O2 -g -std=gnu89 -Wall -Wextra -Wno-long-long -Wno-unused-parameter -Wstrict-prototypes   conftest.c -ldl   >&5
conftest.c:31:1: warning: function declaration isn't a prototype [-Wstrict-prototypes]
   31 | char dlopen ();
      | ^~~~
conftest.c:33:1: warning: function declaration isn't a prototype [-Wstrict-prototypes]
   33 | main ()
      | ^~~~
configure:9405: $? = 0
configure:9414: result: yes
configure:9425: checking for kstat_lookup in -lkstat
configure:9450: /usr/bin/cc -o conftest -g -O2 -g -std=gnu89 -Wall -Wextra -Wno-long-long -Wno-unused-parameter -Wstrict-prototypes   conftest.c -lkstat  -ldl  >&5
conftest.c:32:1: warning: function declaration isn't a prototype [-Wstrict-prototypes]
   32 | char kstat_lookup ();
      | ^~~~
conftest.c:34:1: warning: function declaration isn't a prototype [-Wstrict-prototypes]
   34 | main ()
      | ^~~~
/usr/bin/ld: cannot find -lkstat
collect2: error: ld returned 1 exit status
configure:9450: $? = 1
configure: failed program was:
| /* confdefs.h */
| #define PACKAGE_NAME "libuv"
| #define PACKAGE_TARNAME "libuv"
| #define PACKAGE_VERSION "1.34.2"
| #define PACKAGE_STRING "libuv 1.34.2"
| #define PACKAGE_BUGREPORT "https://github.com/libuv/libuv/issues"
| #define PACKAGE_URL ""
| #define PACKAGE "libuv"
| #define VERSION "1.34.2"
| #define SUPPORT_FLAG_VISIBILITY 1
| #define STDC_HEADERS 1
| #define HAVE_SYS_TYPES_H 1
| #define HAVE_SYS_STAT_H 1
| #define HAVE_STDLIB_H 1
| #define HAVE_STRING_H 1
| #define HAVE_MEMORY_H 1
| #define HAVE_STRINGS_H 1
| #define HAVE_INTTYPES_H 1
| #define HAVE_STDINT_H 1
| #define HAVE_UNISTD_H 1
| #define HAVE_DLFCN_H 1
| #define LT_OBJDIR ".libs/"
| #define HAVE_LIBDL 1
| /* end confdefs.h.  */
| 
| /* Override any GCC internal prototype to avoid an error.
|    Use char because int might match the return type of a GCC
|    builtin and then its argument prototype would still apply.  */
| #ifdef __cplusplus
| extern "C"
| #endif
| char kstat_lookup ();
| int
| main ()
| {
| return kstat_lookup ();
|   ;
|   return 0;
| }
configure:9459: result: no
configure:9470: checking for gethostbyname in -lnsl
configure:9495: /usr/bin/cc -o conftest -g -O2 -g -std=gnu89 -Wall -Wextra -Wno-long-long -Wno-unused-parameter -Wstrict-prototypes   conftest.c -lnsl  -ldl  >&5
conftest.c:32:1: warning: function declaration isn't a prototype [-Wstrict-prototypes]
   32 | char gethostbyname ();
      | ^~~~
conftest.c:34:1: warning: function declaration isn't a prototype [-Wstrict-prototypes]
   34 | main ()
      | ^~~~
configure:9495: $? = 0
configure:9504: result: yes
configure:9515: checking for perfstat_cpu in -lperfstat
configure:9540: /usr/bin/cc -o conftest -g -O2 -g -std=gnu89 -Wall -Wextra -Wno-long-long -Wno-unused-parameter -Wstrict-prototypes   conftest.c -lperfstat  -lnsl -ldl  >&5
conftest.c:33:1: warning: function declaration isn't a prototype [-Wstrict-prototypes]
   33 | char perfstat_cpu ();
      | ^~~~
conftest.c:35:1: warning: function declaration isn't a prototype [-Wstrict-prototypes]
   35 | main ()
      | ^~~~
/usr/bin/ld: cannot find -lperfstat
collect2: error: ld returned 1 exit status
configure:9540: $? = 1
configure: failed program was:
| /* confdefs.h */
| #define PACKAGE_NAME "libuv"
| #define PACKAGE_TARNAME "libuv"
| #define PACKAGE_VERSION "1.34.2"
| #define PACKAGE_STRING "libuv 1.34.2"
| #define PACKAGE_BUGREPORT "https://github.com/libuv/libuv/issues"
| #define PACKAGE_URL ""
| #define PACKAGE "libuv"
| #define VERSION "1.34.2"
| #define SUPPORT_FLAG_VISIBILITY 1
| #define STDC_HEADERS 1
| #define HAVE_SYS_TYPES_H 1
| #define HAVE_SYS_STAT_H 1
| #define HAVE_STDLIB_H 1
| #define HAVE_STRING_H 1
| #define HAVE_MEMORY_H 1
| #define HAVE_STRINGS_H 1
| #define HAVE_INTTYPES_H 1
| #define HAVE_STDINT_H 1
| #define HAVE_UNISTD_H 1
| #define HAVE_DLFCN_H 1
| #define LT_OBJDIR ".libs/"
| #define HAVE_LIBDL 1
| #define HAVE_LIBNSL 1
| /* end confdefs.h.  */
| 
| /* Override any GCC internal prototype to avoid an error.
|    Use char because int might match the return type of a GCC
|    builtin and then its argument prototype would still apply.  */
| #ifdef __cplusplus
| extern "C"
| #endif
| char perfstat_cpu ();
| int
| main ()
| {
| return perfstat_cpu ();
|   ;
|   return 0;
| }
configure:9549: result: no
configure:9560: checking for pthread_mutex_init in -lpthread
configure:9585: /usr/bin/cc -o conftest -g -O2 -g -std=gnu89 -Wall -Wextra -Wno-long-long -Wno-unused-parameter -Wstrict-prototypes   conftest.c -lpthread  -lnsl -ldl  >&5
conftest.c:33:1: warning: function declaration isn't a prototype [-Wstrict-prototypes]
   33 | char pthread_mutex_init ();
      | ^~~~
conftest.c:35:1: warning: function declaration isn't a prototype [-Wstrict-prototypes]
   35 | main ()
      | ^~~~
configure:9585: $? = 0
configure:9594: result: yes
configure:9605: checking for clock_gettime in -lrt
configure:9630: /usr/bin/cc -o conftest -g -O2 -g -std=gnu89 -Wall -Wextra -Wno-long-long -Wno-unused-parameter -Wstrict-prototypes   conftest.c -lrt  -lpthread -lnsl -ldl  >&5
conftest.c:34:1: warning: function declaration isn't a prototype [-Wstrict-prototypes]
   34 | char clock_gettime ();
      | ^~~~
conftest.c:36:1: warning: function declaration isn't a prototype [-Wstrict-prototypes]
   36 | main ()
      | ^~~~
configure:9630: $? = 0
configure:9639: result: yes
configure:9650: checking for sendfile in -lsendfile
configure:9675: /usr/bin/cc -o conftest -g -O2 -g -std=gnu89 -Wall -Wextra -Wno-long-long -Wno-unused-parameter -Wstrict-prototypes   conftest.c -lsendfile  -lrt -lpthread -lnsl -ldl  >&5
conftest.c:35:1: warning: function declaration isn't a prototype [-Wstrict-prototypes]
   35 | char sendfile ();
      | ^~~~
conftest.c:37:1: warning: function declaration isn't a prototype [-Wstrict-prototypes]
   37 | main ()
      | ^~~~
/usr/bin/ld: cannot find -lsendfile
collect2: error: ld returned 1 exit status
configure:9675: $? = 1
configure: failed program was:
| /* confdefs.h */
| #define PACKAGE_NAME "libuv"
| #define PACKAGE_TARNAME "libuv"
| #define PACKAGE_VERSION "1.34.2"
| #define PACKAGE_STRING "libuv 1.34.2"
| #define PACKAGE_BUGREPORT "https://github.com/libuv/libuv/issues"
| #define PACKAGE_URL ""
| #define PACKAGE "libuv"
| #define VERSION "1.34.2"
| #define SUPPORT_FLAG_VISIBILITY 1
| #define STDC_HEADERS 1
| #define HAVE_SYS_TYPES_H 1
| #define HAVE_SYS_STAT_H 1
| #define HAVE_STDLIB_H 1
| #define HAVE_STRING_H 1
| #define HAVE_MEMORY_H 1
| #define HAVE_STRINGS_H 1
| #define HAVE_INTTYPES_H 1
| #define HAVE_STDINT_H 1
| #define HAVE_UNISTD_H 1
| #define HAVE_DLFCN_H 1
| #define LT_OBJDIR ".libs/"
| #define HAVE_LIBDL 1
| #define HAVE_LIBNSL 1
| #define HAVE_LIBPTHREAD 1
| #define HAVE_LIBRT 1
| /* end confdefs.h.  */
| 
| /* Override any GCC internal prototype to avoid an error.
|    Use char because int might match the return type of a GCC
|    builtin and then its argument prototype would still apply.  */
| #ifdef __cplusplus
| extern "C"
| #endif
| char sendfile ();
| int
| main ()
| {
| return sendfile ();
|   ;
|   return 0;
| }
configure:9684: result: no
configure:9695: checking for socket in -lsocket
configure:9720: /usr/bin/cc -o conftest -g -O2 -g -std=gnu89 -Wall -Wextra -Wno-long-long -Wno-unused-parameter -Wstrict-prototypes   conftest.c -lsocket  -lrt -lpthread -lnsl -ldl  >&5
conftest.c:35:1: warning: function declaration isn't a prototype [-Wstrict-prototypes]
   35 | char socket ();
      | ^~~~
conftest.c:37:1: warning: function declaration isn't a prototype [-Wstrict-prototypes]
   37 | main ()
      | ^~~~
/usr/bin/ld: cannot find -lsocket
collect2: error: ld returned 1 exit status
configure:9720: $? = 1
configure: failed program was:
| /* confdefs.h */
| #define PACKAGE_NAME "libuv"
| #define PACKAGE_TARNAME "libuv"
| #define PACKAGE_VERSION "1.34.2"
| #define PACKAGE_STRING "libuv 1.34.2"
| #define PACKAGE_BUGREPORT "https://github.com/libuv/libuv/issues"
| #define PACKAGE_URL ""
| #define PACKAGE "libuv"
| #define VERSION "1.34.2"
| #define SUPPORT_FLAG_VISIBILITY 1
| #define STDC_HEADERS 1
| #define HAVE_SYS_TYPES_H 1
| #define HAVE_SYS_STAT_H 1
| #define HAVE_STDLIB_H 1
| #define HAVE_STRING_H 1
| #define HAVE_MEMORY_H 1
| #define HAVE_STRINGS_H 1
| #define HAVE_INTTYPES_H 1
| #define HAVE_STDINT_H 1
| #define HAVE_UNISTD_H 1
| #define HAVE_DLFCN_H 1
| #define LT_OBJDIR ".libs/"
| #define HAVE_LIBDL 1
| #define HAVE_LIBNSL 1
| #define HAVE_LIBPTHREAD 1
| #define HAVE_LIBRT 1
| /* end confdefs.h.  */
| 
| /* Override any GCC internal prototype to avoid an error.
|    Use char because int might match the return type of a GCC
|    builtin and then its argument prototype would still apply.  */
| #ifdef __cplusplus
| extern "C"
| #endif
| char socket ();
| int
| main ()
| {
| return socket ();
|   ;
|   return 0;
| }
configure:9729: result: no
configure:9747: checking for special C compiler options needed for large files
configure:9792: result: no
configure:9798: checking for _FILE_OFFSET_BITS value needed for large files
configure:9823: /usr/bin/cc -c -g -O2 -g -std=gnu89 -Wall -Wextra -Wno-long-long -Wno-unused-parameter -Wstrict-prototypes  conftest.c >&5
conftest.c:38:1: warning: function declaration isn't a prototype [-Wstrict-prototypes]
   38 | main ()
      | ^~~~
configure:9823: $? = 0
configure:9855: result: no
configure:10180: checking sys/ahafs_evProds.h usability
configure:10180: /usr/bin/cc -c -g -O2 -g -std=gnu89 -Wall -Wextra -Wno-long-long -Wno-unused-parameter -Wstrict-prototypes  conftest.c >&5
conftest.c:61:10: fatal error: sys/ahafs_evProds.h: No such file or directory
   61 | #include <sys/ahafs_evProds.h>
      |          ^~~~~~~~~~~~~~~~~~~~~
compilation terminated.
configure:10180: $? = 1
configure: failed program was:
| /* confdefs.h */
| #define PACKAGE_NAME "libuv"
| #define PACKAGE_TARNAME "libuv"
| #define PACKAGE_VERSION "1.34.2"
| #define PACKAGE_STRING "libuv 1.34.2"
| #define PACKAGE_BUGREPORT "https://github.com/libuv/libuv/issues"
| #define PACKAGE_URL ""
| #define PACKAGE "libuv"
| #define VERSION "1.34.2"
| #define SUPPORT_FLAG_VISIBILITY 1
| #define STDC_HEADERS 1
| #define HAVE_SYS_TYPES_H 1
| #define HAVE_SYS_STAT_H 1
| #define HAVE_STDLIB_H 1
| #define HAVE_STRING_H 1
| #define HAVE_MEMORY_H 1
| #define HAVE_STRINGS_H 1
| #define HAVE_INTTYPES_H 1
| #define HAVE_STDINT_H 1
| #define HAVE_UNISTD_H 1
| #define HAVE_DLFCN_H 1
| #define LT_OBJDIR ".libs/"
| #define HAVE_LIBDL 1
| #define HAVE_LIBNSL 1
| #define HAVE_LIBPTHREAD 1
| #define HAVE_LIBRT 1
| /* end confdefs.h.  */
| #include <stdio.h>
| #ifdef HAVE_SYS_TYPES_H
| # include <sys/types.h>
| #endif
| #ifdef HAVE_SYS_STAT_H
| # include <sys/stat.h>
| #endif
| #ifdef STDC_HEADERS
| # include <stdlib.h>
| # include <stddef.h>
| #else
| # ifdef HAVE_STDLIB_H
| #  include <stdlib.h>
| # endif
| #endif
| #ifdef HAVE_STRING_H
| # if !defined STDC_HEADERS && defined HAVE_MEMORY_H
| #  include <memory.h>
| # endif
| # include <string.h>
| #endif
| #ifdef HAVE_STRINGS_H
| # include <strings.h>
| #endif
| #ifdef HAVE_INTTYPES_H
| # include <inttypes.h>
| #endif
| #ifdef HAVE_STDINT_H
| # include <stdint.h>
| #endif
| #ifdef HAVE_UNISTD_H
| # include <unistd.h>
| #endif
| #include <sys/ahafs_evProds.h>
configure:10180: result: no
configure:10180: checking sys/ahafs_evProds.h presence
configure:10180: /usr/bin/cc -E  conftest.c
conftest.c:28:10: fatal error: sys/ahafs_evProds.h: No such file or directory
   28 | #include <sys/ahafs_evProds.h>
      |          ^~~~~~~~~~~~~~~~~~~~~
compilation terminated.
configure:10180: $? = 1
configure: failed program was:
| /* confdefs.h */
| #define PACKAGE_NAME "libuv"
| #define PACKAGE_TARNAME "libuv"
| #define PACKAGE_VERSION "1.34.2"
| #define PACKAGE_STRING "libuv 1.34.2"
| #define PACKAGE_BUGREPORT "https://github.com/libuv/libuv/issues"
| #define PACKAGE_URL ""
| #define PACKAGE "libuv"
| #define VERSION "1.34.2"
| #define SUPPORT_FLAG_VISIBILITY 1
| #define STDC_HEADERS 1
| #define HAVE_SYS_TYPES_H 1
| #define HAVE_SYS_STAT_H 1
| #define HAVE_STDLIB_H 1
| #define HAVE_STRING_H 1
| #define HAVE_MEMORY_H 1
| #define HAVE_STRINGS_H 1
| #define HAVE_INTTYPES_H 1
| #define HAVE_STDINT_H 1
| #define HAVE_UNISTD_H 1
| #define HAVE_DLFCN_H 1
| #define LT_OBJDIR ".libs/"
| #define HAVE_LIBDL 1
| #define HAVE_LIBNSL 1
| #define HAVE_LIBPTHREAD 1
| #define HAVE_LIBRT 1
| /* end confdefs.h.  */
| #include <sys/ahafs_evProds.h>
configure:10180: result: no
configure:10180: checking for sys/ahafs_evProds.h
configure:10180: result: no
configure:10335: checking that generated files are newer than configure
configure:10341: result: done
configure:10428: creating ./config.status

## ---------------------- ##
## Running config.status. ##
## ---------------------- ##

This file was extended by libuv config.status 1.34.2, which was
generated by GNU Autoconf 2.69.  Invocation command line was

  CONFIG_FILES    = 
  CONFIG_HEADERS  = 
  CONFIG_LINKS    = 
  CONFIG_COMMANDS = 
  $ ./config.status 

on hyx-Lenovo-XiaoXin-Air-13IWL

config.status:1041: creating Makefile
config.status:1041: creating libuv.pc
config.status:1210: linking /home/hyx/neovim/.deps/build/src/libuv/test/fixtures/empty_file to test/fixtures/empty_file
config.status:1210: linking /home/hyx/neovim/.deps/build/src/libuv/test/fixtures/load_error.node to test/fixtures/load_error.node
config.status:1210: linking /home/hyx/neovim/.deps/build/src/libuv/test/fixtures/lorem_ipsum.txt to test/fixtures/lorem_ipsum.txt
config.status:1229: executing depfiles commands
config.status:1302: cd .       && sed -e '/# am--include-marker/d' Makefile         | /usr/bin/make -f - am--depfiles
make[1]: Entering directory '/home/hyx/neovim/.deps/build/src/libuv-build'
make[1]: Leaving directory '/home/hyx/neovim/.deps/build/src/libuv-build'
config.status:1307: $? = 0
config.status:1229: executing libtool commands

## ---------------- ##
## Cache variables. ##
## ---------------- ##

ac_cv_build=x86_64-pc-linux-gnu
ac_cv_c_compiler_gnu=yes
ac_cv_env_CC_set=set
ac_cv_env_CC_value=/usr/bin/cc
ac_cv_env_CFLAGS_set=
ac_cv_env_CFLAGS_value=
ac_cv_env_CPPFLAGS_set=
ac_cv_env_CPPFLAGS_value=
ac_cv_env_CPP_set=
ac_cv_env_CPP_value=
ac_cv_env_LDFLAGS_set=
ac_cv_env_LDFLAGS_value=
ac_cv_env_LIBS_set=
ac_cv_env_LIBS_value=
ac_cv_env_LT_SYS_LIBRARY_PATH_set=
ac_cv_env_LT_SYS_LIBRARY_PATH_value=
ac_cv_env_build_alias_set=
ac_cv_env_build_alias_value=
ac_cv_env_host_alias_set=
ac_cv_env_host_alias_value=
ac_cv_env_target_alias_set=
ac_cv_env_target_alias_value=
ac_cv_header_dlfcn_h=yes
ac_cv_header_inttypes_h=yes
ac_cv_header_memory_h=yes
ac_cv_header_stdc=yes
ac_cv_header_stdint_h=yes
ac_cv_header_stdlib_h=yes
ac_cv_header_string_h=yes
ac_cv_header_strings_h=yes
ac_cv_header_sys_ahafs_evProds_h=no
ac_cv_header_sys_stat_h=yes
ac_cv_header_sys_types_h=yes
ac_cv_header_unistd_h=yes
ac_cv_host=x86_64-pc-linux-gnu
ac_cv_lib_dl_dlopen=yes
ac_cv_lib_kstat_kstat_lookup=no
ac_cv_lib_nsl_gethostbyname=yes
ac_cv_lib_perfstat_perfstat_cpu=no
ac_cv_lib_pthread_pthread_mutex_init=yes
ac_cv_lib_rt_clock_gettime=yes
ac_cv_lib_sendfile_sendfile=no
ac_cv_lib_socket_socket=no
ac_cv_objext=o
ac_cv_path_EGREP='/usr/bin/grep -E'
ac_cv_path_FGREP='/usr/bin/grep -F'
ac_cv_path_GREP=/usr/bin/grep
ac_cv_path_SED=/usr/bin/sed
ac_cv_path_install='/usr/bin/install -c'
ac_cv_path_lt_DD=/usr/bin/dd
ac_cv_path_mkdir=/usr/bin/mkdir
ac_cv_prog_AWK=mawk
ac_cv_prog_CPP='/usr/bin/cc -E'
ac_cv_prog_ac_ct_AR=ar
ac_cv_prog_ac_ct_CC=/usr/bin/cc
ac_cv_prog_ac_ct_MANIFEST_TOOL=mt
ac_cv_prog_ac_ct_OBJDUMP=objdump
ac_cv_prog_ac_ct_RANLIB=ranlib
ac_cv_prog_ac_ct_STRIP=strip
ac_cv_prog_cc_c89=
ac_cv_prog_cc_g=yes
ac_cv_prog_make__usr_bin_make_set=yes
ac_cv_sys_file_offset_bits=no
ac_cv_sys_largefile_CC=no
am_cv_CC_dependencies_compiler_type=gcc3
am_cv_ar_interface=ar
am_cv_make_support_nested_variables=yes
am_cv_prog_cc_c_o=yes
cc_cv_cflags__Wall=yes
cc_cv_cflags__Werror=yes
cc_cv_cflags__Wextra=yes
cc_cv_cflags__Wno_long_long=yes
cc_cv_cflags__Wno_unused_parameter=yes
cc_cv_cflags__Wstrict_prototypes=yes
cc_cv_cflags__fvisibility_hidden=yes
cc_cv_cflags__g=yes
cc_cv_cflags__std_gnu89=yes
cc_cv_flag_visibility=yes
cc_cv_werror=-Werror
lt_cv_ar_at_file=@
lt_cv_deplibs_check_method=pass_all
lt_cv_file_magic_cmd='$MAGIC_CMD'
lt_cv_file_magic_test_file=
lt_cv_ld_reload_flag=-r
lt_cv_nm_interface='BSD nm'
lt_cv_objdir=.libs
lt_cv_path_LD=/usr/bin/ld
lt_cv_path_NM='/usr/bin/nm -B'
lt_cv_path_mainfest_tool=no
lt_cv_prog_compiler_c_o=yes
lt_cv_prog_compiler_pic='-fPIC -DPIC'
lt_cv_prog_compiler_pic_works=yes
lt_cv_prog_compiler_rtti_exceptions=no
lt_cv_prog_compiler_static_works=yes
lt_cv_prog_gnu_ld=yes
lt_cv_sharedlib_from_linklib_cmd='printf %s\n'
lt_cv_shlibpath_overrides_runpath=yes
lt_cv_sys_global_symbol_pipe='sed -n -e '\''s/^.*[	 ]\([ABCDGIRSTW][ABCDGIRSTW]*\)[	 ][	 ]*\([_A-Za-z][_A-Za-z0-9]*\)$/\1 \2 \2/p'\'' | sed '\''/ __gnu_lto/d'\'''
lt_cv_sys_global_symbol_to_c_name_address='sed -n -e '\''s/^: \(.*\) .*$/  {"\1", (void *) 0},/p'\'' -e '\''s/^[ABCDGIRSTW][ABCDGIRSTW]* .* \(.*\)$/  {"\1", (void *) \&\1},/p'\'''
lt_cv_sys_global_symbol_to_c_name_address_lib_prefix='sed -n -e '\''s/^: \(.*\) .*$/  {"\1", (void *) 0},/p'\'' -e '\''s/^[ABCDGIRSTW][ABCDGIRSTW]* .* \(lib.*\)$/  {"\1", (void *) \&\1},/p'\'' -e '\''s/^[ABCDGIRSTW][ABCDGIRSTW]* .* \(.*\)$/  {"lib\1", (void *) \&\1},/p'\'''
lt_cv_sys_global_symbol_to_cdecl='sed -n -e '\''s/^T .* \(.*\)$/extern int \1();/p'\'' -e '\''s/^[ABCDGIRSTW][ABCDGIRSTW]* .* \(.*\)$/extern char \1;/p'\'''
lt_cv_sys_global_symbol_to_import=
lt_cv_sys_max_cmd_len=1572864
lt_cv_to_host_file_cmd=func_convert_file_noop
lt_cv_to_tool_file_cmd=func_convert_file_noop
lt_cv_truncate_bin='/usr/bin/dd bs=4096 count=1'

## ----------------- ##
## Output variables. ##
## ----------------- ##

ACLOCAL='${SHELL} /home/hyx/neovim/.deps/build/src/libuv/missing aclocal-1.16'
AIX_FALSE=''
AIX_TRUE='#'
AMDEPBACKSLASH='\'
AMDEP_FALSE='#'
AMDEP_TRUE=''
AMTAR='$${TAR-tar}'
AM_BACKSLASH='\'
AM_DEFAULT_V='$(AM_DEFAULT_VERBOSITY)'
AM_DEFAULT_VERBOSITY='0'
AM_V='$(V)'
ANDROID_FALSE=''
ANDROID_TRUE='#'
AR='ar'
AUTOCONF='${SHELL} /home/hyx/neovim/.deps/build/src/libuv/missing autoconf'
AUTOHEADER='${SHELL} /home/hyx/neovim/.deps/build/src/libuv/missing autoheader'
AUTOMAKE='${SHELL} /home/hyx/neovim/.deps/build/src/libuv/missing automake-1.16'
AWK='mawk'
CC='/usr/bin/cc'
CCDEPMODE='depmode=gcc3'
CFLAGS='-g -O2 -g -std=gnu89 -Wall -Wextra -Wno-long-long -Wno-unused-parameter -Wstrict-prototypes'
CPP='/usr/bin/cc -E'
CPPFLAGS=''
CYGPATH_W='echo'
CYGWIN_FALSE=''
CYGWIN_TRUE='#'
DARWIN_FALSE=''
DARWIN_TRUE='#'
DEFS='-DPACKAGE_NAME=\"libuv\" -DPACKAGE_TARNAME=\"libuv\" -DPACKAGE_VERSION=\"1.34.2\" -DPACKAGE_STRING=\"libuv\ 1.34.2\" -DPACKAGE_BUGREPORT=\"https://github.com/libuv/libuv/issues\" -DPACKAGE_URL=\"\" -DPACKAGE=\"libuv\" -DVERSION=\"1.34.2\" -DSUPPORT_FLAG_VISIBILITY=1 -DSTDC_HEADERS=1 -DHAVE_SYS_TYPES_H=1 -DHAVE_SYS_STAT_H=1 -DHAVE_STDLIB_H=1 -DHAVE_STRING_H=1 -DHAVE_MEMORY_H=1 -DHAVE_STRINGS_H=1 -DHAVE_INTTYPES_H=1 -DHAVE_STDINT_H=1 -DHAVE_UNISTD_H=1 -DHAVE_DLFCN_H=1 -DLT_OBJDIR=\".libs/\" -DHAVE_LIBDL=1 -DHAVE_LIBNSL=1 -DHAVE_LIBPTHREAD=1 -DHAVE_LIBRT=1'
DEPDIR='.deps'
DLLTOOL='false'
DRAGONFLY_FALSE=''
DRAGONFLY_TRUE='#'
DSYMUTIL=''
DUMPBIN=''
ECHO_C=''
ECHO_N='-n'
ECHO_T=''
EGREP='/usr/bin/grep -E'
EXEEXT=''
FGREP='/usr/bin/grep -F'
FREEBSD_FALSE=''
FREEBSD_TRUE='#'
GREP='/usr/bin/grep'
HAIKU_FALSE=''
HAIKU_TRUE='#'
HURD_FALSE=''
HURD_TRUE='#'
INSTALL_DATA='${INSTALL} -m 644'
INSTALL_PROGRAM='${INSTALL}'
INSTALL_SCRIPT='${INSTALL}'
INSTALL_STRIP_PROGRAM='$(install_sh) -c -s'
LD='/usr/bin/ld -m elf_x86_64'
LDFLAGS=''
LIBOBJS=''
LIBS='-lrt -lpthread -lnsl -ldl '
LIBTOOL='$(SHELL) $(top_builddir)/libtool'
LINUX_FALSE='#'
LINUX_TRUE=''
LIPO=''
LN_S='ln -s'
LTLIBOBJS=''
LT_SYS_LIBRARY_PATH=''
MAKEINFO='${SHELL} /home/hyx/neovim/.deps/build/src/libuv/missing makeinfo'
MANIFEST_TOOL=':'
MKDIR_P='/usr/bin/mkdir -p'
MSYS_FALSE=''
MSYS_TRUE='#'
NETBSD_FALSE=''
NETBSD_TRUE='#'
NM='/usr/bin/nm -B'
NMEDIT=''
OBJDUMP='objdump'
OBJEXT='o'
OPENBSD_FALSE=''
OPENBSD_TRUE='#'
OS390_FALSE=''
OS390_TRUE='#'
OS400_FALSE=''
OS400_TRUE='#'
OTOOL64=''
OTOOL=''
PACKAGE='libuv'
PACKAGE_BUGREPORT='https://github.com/libuv/libuv/issues'
PACKAGE_NAME='libuv'
PACKAGE_STRING='libuv 1.34.2'
PACKAGE_TARNAME='libuv'
PACKAGE_URL=''
PACKAGE_VERSION='1.34.2'
PATH_SEPARATOR=':'
RANLIB='ranlib'
SED='/usr/bin/sed'
SET_MAKE=''
SHELL='/bin/bash'
STRIP='strip'
SUNOS_FALSE=''
SUNOS_TRUE='#'
VERSION='1.34.2'
WINNT_FALSE=''
WINNT_TRUE='#'
ac_ct_AR='ar'
ac_ct_CC='/usr/bin/cc'
ac_ct_DUMPBIN=''
am__EXEEXT_FALSE=''
am__EXEEXT_TRUE='#'
am__fastdepCC_FALSE='#'
am__fastdepCC_TRUE=''
am__include='include'
am__isrc=' -I$(srcdir)'
am__leading_dot='.'
am__nodep='_no'
am__quote=''
am__tar='$${TAR-tar} chof - "$$tardir"'
am__untar='$${TAR-tar} xf -'
bindir='${exec_prefix}/bin'
build='x86_64-pc-linux-gnu'
build_alias=''
build_cpu='x86_64'
build_os='linux-gnu'
build_vendor='pc'
datadir='${datarootdir}'
datarootdir='${prefix}/share'
docdir='${datarootdir}/doc/${PACKAGE_TARNAME}'
dvidir='${docdir}'
exec_prefix='${prefix}'
host='x86_64-pc-linux-gnu'
host_alias=''
host_cpu='x86_64'
host_os='linux-gnu'
host_vendor='pc'
htmldir='${docdir}'
includedir='${prefix}/include'
infodir='${datarootdir}/info'
install_sh='${SHELL} /home/hyx/neovim/.deps/build/src/libuv/install-sh'
libdir='/home/hyx/neovim/.deps/usr/lib'
libexecdir='${exec_prefix}/libexec'
localedir='${datarootdir}/locale'
localstatedir='${prefix}/var'
mandir='${datarootdir}/man'
mkdir_p='$(MKDIR_P)'
oldincludedir='/usr/include'
pdfdir='${docdir}'
prefix='/home/hyx/neovim/.deps/usr'
program_transform_name='s,x,x,'
psdir='${docdir}'
runstatedir='${localstatedir}/run'
sbindir='${exec_prefix}/sbin'
sharedstatedir='${prefix}/com'
sysconfdir='${prefix}/etc'
target_alias=''

## ----------- ##
## confdefs.h. ##
## ----------- ##

/* confdefs.h */
#define PACKAGE_NAME "libuv"
#define PACKAGE_TARNAME "libuv"
#define PACKAGE_VERSION "1.34.2"
#define PACKAGE_STRING "libuv 1.34.2"
#define PACKAGE_BUGREPORT "https://github.com/libuv/libuv/issues"
#define PACKAGE_URL ""
#define PACKAGE "libuv"
#define VERSION "1.34.2"
#define SUPPORT_FLAG_VISIBILITY 1
#define STDC_HEADERS 1
#define HAVE_SYS_TYPES_H 1
#define HAVE_SYS_STAT_H 1
#define HAVE_STDLIB_H 1
#define HAVE_STRING_H 1
#define HAVE_MEMORY_H 1
#define HAVE_STRINGS_H 1
#define HAVE_INTTYPES_H 1
#define HAVE_STDINT_H 1
#define HAVE_UNISTD_H 1
#define HAVE_DLFCN_H 1
#define LT_OBJDIR ".libs/"
#define HAVE_LIBDL 1
#define HAVE_LIBNSL 1
#define HAVE_LIBPTHREAD 1
#define HAVE_LIBRT 1

configure: exit 0
