This file contains any messages produced by compilers while
running configure, to aid debugging if configure makes a mistake.

It was created by configure, which was
generated by GNU Autoconf 2.69.  Invocation command line was

  $ ./configure --disable-option-checking --prefix=/home/hyx/neovim/.deps/usr MAKE=/usr/bin/make CC=/usr/bin/cc CXX=/usr/bin/c++ LD=/usr/bin/cc --cache-file=/dev/null --srcdir=.

## --------- ##
## Platform. ##
## --------- ##

hostname = hyx-Lenovo-XiaoXin-Air-13IWL
uname -m = x86_64
uname -r = 5.8.0-59-generic
uname -s = Linux
uname -v = #66~20.04.1-Ubuntu SMP Thu Jun 17 11:14:10 UTC 2021

/usr/bin/uname -p = x86_64
/bin/uname -X     = unknown

/bin/arch              = x86_64
/usr/bin/arch -k       = unknown
/usr/convex/getsysinfo = unknown
/usr/bin/hostinfo      = unknown
/bin/machine           = unknown
/usr/bin/oslevel       = unknown
/bin/universe          = unknown

PATH: /usr/local/cuda-11.4/bin
PATH: /home/hyx/.local/bin
PATH: /home/hyx/.pyenv/plugins/pyenv-virtualenv/shims
PATH: /home/hyx/.pyenv/shims
PATH: /home/hyx/.pyenv/bin
PATH: /home/hyx/.pyenv/shims
PATH: /home/hyx/.local/bin
PATH: /home/hyx/.pyenv/bin
PATH: /usr/local/sbin
PATH: /usr/local/bin
PATH: /usr/sbin
PATH: /usr/bin
PATH: /sbin
PATH: /bin
PATH: /usr/games
PATH: /usr/local/games
PATH: /snap/bin
PATH: /home/hyx/.fzf/bin


## ----------- ##
## Core tests. ##
## ----------- ##

configure:1853: checking whether /usr/bin/make sets $(MAKE)
configure:1875: result: yes
configure:1932: checking for gcc
configure:1959: result: /usr/bin/cc
configure:2188: checking for C compiler version
configure:2197: /usr/bin/cc --version >&5
cc (Ubuntu 9.3.0-17ubuntu1~20.04) 9.3.0
Copyright (C) 2019 Free Software Foundation, Inc.
This is free software; see the source for copying conditions.  There is NO
warranty; not even for MERCHANTABILITY or FITNESS FOR A PARTICULAR PURPOSE.

configure:2208: $? = 0
configure:2197: /usr/bin/cc -v >&5
Using built-in specs.
COLLECT_GCC=/usr/bin/cc
COLLECT_LTO_WRAPPER=/usr/lib/gcc/x86_64-linux-gnu/9/lto-wrapper
OFFLOAD_TARGET_NAMES=nvptx-none:hsa
OFFLOAD_TARGET_DEFAULT=1
Target: x86_64-linux-gnu
Configured with: ../src/configure -v --with-pkgversion='Ubuntu 9.3.0-17ubuntu1~20.04' --with-bugurl=file:///usr/share/doc/gcc-9/README.Bugs --enable-languages=c,ada,c++,go,brig,d,fortran,objc,obj-c++,gm2 --prefix=/usr --with-gcc-major-version-only --program-suffix=-9 --program-prefix=x86_64-linux-gnu- --enable-shared --enable-linker-build-id --libexecdir=/usr/lib --without-included-gettext --enable-threads=posix --libdir=/usr/lib --enable-nls --enable-clocale=gnu --enable-libstdcxx-debug --enable-libstdcxx-time=yes --with-default-libstdcxx-abi=new --enable-gnu-unique-object --disable-vtable-verify --enable-plugin --enable-default-pie --with-system-zlib --with-target-system-zlib=auto --enable-objc-gc=auto --enable-multiarch --disable-werror --with-arch-32=i686 --with-abi=m64 --with-multilib-list=m32,m64,mx32 --enable-multilib --with-tune=generic --enable-offload-targets=nvptx-none=/build/gcc-9-HskZEa/gcc-9-9.3.0/debian/tmp-nvptx/usr,hsa --without-cuda-driver --enable-checking=release --build=x86_64-linux-gnu --host=x86_64-linux-gnu --target=x86_64-linux-gnu
Thread model: posix
gcc version 9.3.0 (Ubuntu 9.3.0-17ubuntu1~20.04) 
configure:2208: $? = 0
configure:2197: /usr/bin/cc -V >&5
cc: error: unrecognized command line option '-V'
cc: fatal error: no input files
compilation terminated.
configure:2208: $? = 1
configure:2197: /usr/bin/cc -qversion >&5
cc: error: unrecognized command line option '-qversion'; did you mean '--version'?
cc: fatal error: no input files
compilation terminated.
configure:2208: $? = 1
configure:2228: checking whether the C compiler works
configure:2250: /usr/bin/cc    conftest.c  >&5
configure:2254: $? = 0
configure:2302: result: yes
configure:2305: checking for C compiler default output file name
configure:2307: result: a.out
configure:2313: checking for suffix of executables
configure:2320: /usr/bin/cc -o conftest    conftest.c  >&5
configure:2324: $? = 0
configure:2346: result: 
configure:2368: checking whether we are cross compiling
configure:2376: /usr/bin/cc -o conftest    conftest.c  >&5
configure:2380: $? = 0
configure:2387: ./conftest
configure:2391: $? = 0
configure:2379: result: no
configure:2384: checking for suffix of object files
configure:2406: /usr/bin/cc -c   conftest.c >&5
configure:2410: $? = 0
configure:2431: result: o
configure:2435: checking whether we are using the GNU C compiler
configure:2454: /usr/bin/cc -c   conftest.c >&5
configure:2454: $? = 0
configure:2463: result: yes
configure:2472: checking whether /usr/bin/cc accepts -g
configure:2492: /usr/bin/cc -c -g  conftest.c >&5
configure:2492: $? = 0
configure:2533: result: yes
configure:2550: checking for /usr/bin/cc option to accept ISO C89
configure:2613: /usr/bin/cc  -c -g -O2  conftest.c >&5
configure:2613: $? = 0
configure:2626: result: none needed
configure:2651: checking how to run the C preprocessor
configure:2682: /usr/bin/cc -E  conftest.c
configure:2682: $? = 0
configure:2696: /usr/bin/cc -E  conftest.c
conftest.c:9:10: fatal error: ac_nonexistent.h: No such file or directory
    9 | #include <ac_nonexistent.h>
      |          ^~~~~~~~~~~~~~~~~~
compilation terminated.
configure:2696: $? = 1
configure: failed program was:
| /* confdefs.h */
| #define PACKAGE_NAME ""
| #define PACKAGE_TARNAME ""
| #define PACKAGE_VERSION ""
| #define PACKAGE_STRING ""
| #define PACKAGE_BUGREPORT ""
| #define PACKAGE_URL ""
| /* end confdefs.h.  */
| #include <ac_nonexistent.h>
configure:2721: result: /usr/bin/cc -E
configure:2741: /usr/bin/cc -E  conftest.c
configure:2741: $? = 0
configure:2755: /usr/bin/cc -E  conftest.c
conftest.c:9:10: fatal error: ac_nonexistent.h: No such file or directory
    9 | #include <ac_nonexistent.h>
      |          ^~~~~~~~~~~~~~~~~~
compilation terminated.
configure:2755: $? = 1
configure: failed program was:
| /* confdefs.h */
| #define PACKAGE_NAME ""
| #define PACKAGE_TARNAME ""
| #define PACKAGE_VERSION ""
| #define PACKAGE_STRING ""
| #define PACKAGE_BUGREPORT ""
| #define PACKAGE_URL ""
| /* end confdefs.h.  */
| #include <ac_nonexistent.h>
configure:2895: checking for C++ compiler version
configure:2904: /usr/bin/c++ --version >&5
c++ (Ubuntu 9.3.0-17ubuntu1~20.04) 9.3.0
Copyright (C) 2019 Free Software Foundation, Inc.
This is free software; see the source for copying conditions.  There is NO
warranty; not even for MERCHANTABILITY or FITNESS FOR A PARTICULAR PURPOSE.

configure:2915: $? = 0
configure:2904: /usr/bin/c++ -v >&5
Using built-in specs.
COLLECT_GCC=/usr/bin/c++
COLLECT_LTO_WRAPPER=/usr/lib/gcc/x86_64-linux-gnu/9/lto-wrapper
OFFLOAD_TARGET_NAMES=nvptx-none:hsa
OFFLOAD_TARGET_DEFAULT=1
Target: x86_64-linux-gnu
Configured with: ../src/configure -v --with-pkgversion='Ubuntu 9.3.0-17ubuntu1~20.04' --with-bugurl=file:///usr/share/doc/gcc-9/README.Bugs --enable-languages=c,ada,c++,go,brig,d,fortran,objc,obj-c++,gm2 --prefix=/usr --with-gcc-major-version-only --program-suffix=-9 --program-prefix=x86_64-linux-gnu- --enable-shared --enable-linker-build-id --libexecdir=/usr/lib --without-included-gettext --enable-threads=posix --libdir=/usr/lib --enable-nls --enable-clocale=gnu --enable-libstdcxx-debug --enable-libstdcxx-time=yes --with-default-libstdcxx-abi=new --enable-gnu-unique-object --disable-vtable-verify --enable-plugin --enable-default-pie --with-system-zlib --with-target-system-zlib=auto --enable-objc-gc=auto --enable-multiarch --disable-werror --with-arch-32=i686 --with-abi=m64 --with-multilib-list=m32,m64,mx32 --enable-multilib --with-tune=generic --enable-offload-targets=nvptx-none=/build/gcc-9-HskZEa/gcc-9-9.3.0/debian/tmp-nvptx/usr,hsa --without-cuda-driver --enable-checking=release --build=x86_64-linux-gnu --host=x86_64-linux-gnu --target=x86_64-linux-gnu
Thread model: posix
gcc version 9.3.0 (Ubuntu 9.3.0-17ubuntu1~20.04) 
configure:2915: $? = 0
configure:2904: /usr/bin/c++ -V >&5
c++: error: unrecognized command line option '-V'
c++: fatal error: no input files
compilation terminated.
configure:2915: $? = 1
configure:2904: /usr/bin/c++ -qversion >&5
c++: error: unrecognized command line option '-qversion'; did you mean '--version'?
c++: fatal error: no input files
compilation terminated.
configure:2915: $? = 1
configure:2919: checking whether we are using the GNU C++ compiler
configure:2938: /usr/bin/c++ -c   conftest.cpp >&5
configure:2938: $? = 0
configure:2947: result: yes
configure:2956: checking whether /usr/bin/c++ accepts -g
configure:2976: /usr/bin/c++ -c -g  conftest.cpp >&5
configure:2976: $? = 0
configure:3017: result: yes
configure:3045: checking how to run the C++ preprocessor
configure:3072: /usr/bin/c++ -E  conftest.cpp
configure:3072: $? = 0
configure:3086: /usr/bin/c++ -E  conftest.cpp
conftest.cpp:9:10: fatal error: ac_nonexistent.h: No such file or directory
    9 | #include <ac_nonexistent.h>
      |          ^~~~~~~~~~~~~~~~~~
compilation terminated.
configure:3086: $? = 1
configure: failed program was:
| /* confdefs.h */
| #define PACKAGE_NAME ""
| #define PACKAGE_TARNAME ""
| #define PACKAGE_VERSION ""
| #define PACKAGE_STRING ""
| #define PACKAGE_BUGREPORT ""
| #define PACKAGE_URL ""
| /* end confdefs.h.  */
| #include <ac_nonexistent.h>
configure:3111: result: /usr/bin/c++ -E
configure:3131: /usr/bin/c++ -E  conftest.cpp
configure:3131: $? = 0
configure:3145: /usr/bin/c++ -E  conftest.cpp
conftest.cpp:9:10: fatal error: ac_nonexistent.h: No such file or directory
    9 | #include <ac_nonexistent.h>
      |          ^~~~~~~~~~~~~~~~~~
compilation terminated.
configure:3145: $? = 1
configure: failed program was:
| /* confdefs.h */
| #define PACKAGE_NAME ""
| #define PACKAGE_TARNAME ""
| #define PACKAGE_VERSION ""
| #define PACKAGE_STRING ""
| #define PACKAGE_BUGREPORT ""
| #define PACKAGE_URL ""
| /* end confdefs.h.  */
| #include <ac_nonexistent.h>
configure:3216: checking for ar
configure:3232: found /usr/bin/ar
configure:3243: result: ar
configure:3308: checking for ranlib
configure:3324: found /usr/bin/ranlib
configure:3335: result: ranlib
configure:3367: checking for a BSD compatible install
configure:3409: result: /usr/bin/install -c
configure:3565: creating ./config.status

## ---------------------- ##
## Running config.status. ##
## ---------------------- ##

This file was extended by config.status, which was
generated by GNU Autoconf 2.69.  Invocation command line was

  CONFIG_FILES    = 
  CONFIG_HEADERS  = 
  CONFIG_LINKS    = 
  CONFIG_COMMANDS = 
  $ ./config.status 

on hyx-Lenovo-XiaoXin-Air-13IWL

config.status:725: creating Makefile

## ---------------- ##
## Cache variables. ##
## ---------------- ##

ac_cv_c_compiler_gnu=yes
ac_cv_cxx_compiler_gnu=yes
ac_cv_env_CCC_set=
ac_cv_env_CCC_value=
ac_cv_env_CC_set=set
ac_cv_env_CC_value=/usr/bin/cc
ac_cv_env_CFLAGS_set=
ac_cv_env_CFLAGS_value=
ac_cv_env_CPPFLAGS_set=
ac_cv_env_CPPFLAGS_value=
ac_cv_env_CPP_set=
ac_cv_env_CPP_value=
ac_cv_env_CXXCPP_set=
ac_cv_env_CXXCPP_value=
ac_cv_env_CXXFLAGS_set=
ac_cv_env_CXXFLAGS_value=
ac_cv_env_CXX_set=set
ac_cv_env_CXX_value=/usr/bin/c++
ac_cv_env_LDFLAGS_set=
ac_cv_env_LDFLAGS_value=
ac_cv_env_LIBS_set=
ac_cv_env_LIBS_value=
ac_cv_env_build_alias_set=
ac_cv_env_build_alias_value=
ac_cv_env_host_alias_set=
ac_cv_env_host_alias_value=
ac_cv_env_target_alias_set=
ac_cv_env_target_alias_value=
ac_cv_objext=o
ac_cv_prog_CPP='/usr/bin/cc -E'
ac_cv_prog_CXXCPP='/usr/bin/c++ -E'
ac_cv_prog_ac_ct_AR=ar
ac_cv_prog_ac_ct_CC=/usr/bin/cc
ac_cv_prog_ac_ct_RANLIB=ranlib
ac_cv_prog_cc_c89=
ac_cv_prog_cc_g=yes
ac_cv_prog_cxx_g=yes
ac_cv_prog_make__usr_bin_make_set=yes
cl_cv_path_install='/usr/bin/install -c'

## ----------------- ##
## Output variables. ##
## ----------------- ##

AR='ar'
CC='/usr/bin/cc'
CFLAGS='-g -O2'
CPP='/usr/bin/cc -E'
CPPFLAGS=''
CXX='/usr/bin/c++'
CXXCPP='/usr/bin/c++ -E'
CXXFLAGS='-g -O2'
DEFS='-DPACKAGE_NAME=\"\" -DPACKAGE_TARNAME=\"\" -DPACKAGE_VERSION=\"\" -DPACKAGE_STRING=\"\" -DPACKAGE_BUGREPORT=\"\" -DPACKAGE_URL=\"\"'
ECHO_C=''
ECHO_N='-n'
ECHO_T=''
EXEEXT=''
INSTALL='/usr/bin/install -c'
INSTALL_DATA='$(INSTALL) -m 644'
INSTALL_PROGRAM='$(INSTALL)'
LDFLAGS=''
LIBOBJS=''
LIBS=''
LTLIBOBJS=''
OBJEXT='o'
PACKAGE_BUGREPORT=''
PACKAGE_NAME=''
PACKAGE_STRING=''
PACKAGE_TARNAME=''
PACKAGE_URL=''
PACKAGE_VERSION=''
PATH_SEPARATOR=':'
RANLIB='ranlib'
SET_MAKE=''
SHELL='/bin/bash'
ac_ct_CC='/usr/bin/cc'
ac_ct_CXX=''
bindir='${exec_prefix}/bin'
build_alias=''
datadir='${datarootdir}'
datarootdir='${prefix}/share'
docdir='${datarootdir}/doc/${PACKAGE}'
dvidir='${docdir}'
exec_prefix='${prefix}'
host_alias=''
htmldir='${docdir}'
includedir='${prefix}/include'
infodir='${datarootdir}/info'
libdir='${exec_prefix}/lib'
libexecdir='${exec_prefix}/libexec'
localedir='${datarootdir}/locale'
localstatedir='${prefix}/var'
mandir='${datarootdir}/man'
oldincludedir='/usr/include'
pdfdir='${docdir}'
prefix='/home/hyx/neovim/.deps/usr'
program_transform_name='s,x,x,'
psdir='${docdir}'
sbindir='${exec_prefix}/sbin'
sharedstatedir='${prefix}/com'
sysconfdir='${prefix}/etc'
target_alias=''

## ----------- ##
## confdefs.h. ##
## ----------- ##

/* confdefs.h */
#define PACKAGE_NAME ""
#define PACKAGE_TARNAME ""
#define PACKAGE_VERSION ""
#define PACKAGE_STRING ""
#define PACKAGE_BUGREPORT ""
#define PACKAGE_URL ""

configure: exit 0
