
(skypeforlinux:96378): GLib-GIO-CRITICAL **: 10:19:11.716: g_dbus_proxy_new: assertion 'G_IS_DBUS_CONNECTION (connection)' failed
Error occurred in handler for 'keychain:get-password': Error: No stored credentials fetched from keytar.
    at /usr/share/skypeforlinux/resources/app.asar/main.js:2:631846
    at async electron/js2c/browser_init.js:205:563
Error occurred in handler for 'keychain:get-password': Error: No stored credentials fetched from keytar.
    at /usr/share/skypeforlinux/resources/app.asar/main.js:2:631846
    at async electron/js2c/browser_init.js:205:563
Error occurred in handler for 'keychain:get-password': Error: No stored credentials fetched from keytar.
    at /usr/share/skypeforlinux/resources/app.asar/main.js:2:631846
    at async electron/js2c/browser_init.js:205:563
Error occurred in handler for 'keychain:get-password': Error: No stored credentials fetched from keytar.
    at /usr/share/skypeforlinux/resources/app.asar/main.js:2:631846
    at async electron/js2c/browser_init.js:205:563
Error occurred in handler for 'keychain:get-password': Error: No stored credentials fetched from keytar.
    at /usr/share/skypeforlinux/resources/app.asar/main.js:2:631846
    at async electron/js2c/browser_init.js:205:563
Error occurred in handler for 'keychain:get-password': Error: No stored credentials fetched from keytar.
    at /usr/share/skypeforlinux/resources/app.asar/main.js:2:631846
    at async electron/js2c/browser_init.js:205:563
ioctl failed for wlan0, errno = 19 (No such device)
ioctl failed for wlp2s0, errno = 19 (No such device)
ioctl failed for wlp3s0, errno = 19 (No such device)
ioctl failed for wlp4s0, errno = 19 (No such device)
