This file contains any messages produced by compilers while
running configure, to aid debugging if configure makes a mistake.

It was created by configure, which was
generated by GNU Autoconf 2.69.  Invocation command line was

  $ /home/hyx/neovim/.deps/build/src/gperf/configure --prefix=/home/hyx/neovim/.deps/usr MAKE=/usr/bin/make CC=/usr/bin/cc CXX=/usr/bin/c++ LD=/usr/bin/cc

## --------- ##
## Platform. ##
## --------- ##

hostname = hyx-Lenovo-XiaoXin-Air-13IWL
uname -m = x86_64
uname -r = 5.8.0-59-generic
uname -s = Linux
uname -v = #66~20.04.1-Ubuntu SMP Thu Jun 17 11:14:10 UTC 2021

/usr/bin/uname -p = x86_64
/bin/uname -X     = unknown

/bin/arch              = x86_64
/usr/bin/arch -k       = unknown
/usr/convex/getsysinfo = unknown
/usr/bin/hostinfo      = unknown
/bin/machine           = unknown
/usr/bin/oslevel       = unknown
/bin/universe          = unknown

PATH: /usr/local/cuda-11.4/bin
PATH: /home/hyx/.local/bin
PATH: /home/hyx/.pyenv/plugins/pyenv-virtualenv/shims
PATH: /home/hyx/.pyenv/shims
PATH: /home/hyx/.pyenv/bin
PATH: /home/hyx/.pyenv/shims
PATH: /home/hyx/.local/bin
PATH: /home/hyx/.pyenv/bin
PATH: /usr/local/sbin
PATH: /usr/local/bin
PATH: /usr/sbin
PATH: /usr/bin
PATH: /sbin
PATH: /bin
PATH: /usr/games
PATH: /usr/local/games
PATH: /snap/bin
PATH: /home/hyx/.fzf/bin


## ----------- ##
## Core tests. ##
## ----------- ##

configure:1692: checking whether /usr/bin/make sets $(MAKE)
configure:1714: result: yes
configure:1893: creating ./config.status

## ---------------------- ##
## Running config.status. ##
## ---------------------- ##

This file was extended by config.status, which was
generated by GNU Autoconf 2.69.  Invocation command line was

  CONFIG_FILES    = 
  CONFIG_HEADERS  = 
  CONFIG_LINKS    = 
  CONFIG_COMMANDS = 
  $ ./config.status 

on hyx-Lenovo-XiaoXin-Air-13IWL

config.status:709: creating Makefile
configure:2964: === configuring in lib (/home/hyx/neovim/.deps/build/src/gperf/lib)
configure:3027: running /bin/bash ./configure --disable-option-checking '--prefix=/home/hyx/neovim/.deps/usr'  'MAKE=/usr/bin/make' 'CC=/usr/bin/cc' 'CXX=/usr/bin/c++' 'LD=/usr/bin/cc' --cache-file=/dev/null --srcdir=.
configure:2964: === configuring in src (/home/hyx/neovim/.deps/build/src/gperf/src)
configure:3027: running /bin/bash ./configure --disable-option-checking '--prefix=/home/hyx/neovim/.deps/usr'  'MAKE=/usr/bin/make' 'CC=/usr/bin/cc' 'CXX=/usr/bin/c++' 'LD=/usr/bin/cc' --cache-file=/dev/null --srcdir=.
configure:2964: === configuring in tests (/home/hyx/neovim/.deps/build/src/gperf/tests)
configure:3027: running /bin/bash ./configure --disable-option-checking '--prefix=/home/hyx/neovim/.deps/usr'  'MAKE=/usr/bin/make' 'CC=/usr/bin/cc' 'CXX=/usr/bin/c++' 'LD=/usr/bin/cc' --cache-file=/dev/null --srcdir=.
configure:2964: === configuring in doc (/home/hyx/neovim/.deps/build/src/gperf/doc)
configure:3027: running /bin/bash ./configure --disable-option-checking '--prefix=/home/hyx/neovim/.deps/usr'  'MAKE=/usr/bin/make' 'CC=/usr/bin/cc' 'CXX=/usr/bin/c++' 'LD=/usr/bin/cc' --cache-file=/dev/null --srcdir=.

## ---------------- ##
## Cache variables. ##
## ---------------- ##

ac_cv_env_build_alias_set=
ac_cv_env_build_alias_value=
ac_cv_env_host_alias_set=
ac_cv_env_host_alias_value=
ac_cv_env_target_alias_set=
ac_cv_env_target_alias_value=
ac_cv_prog_make__usr_bin_make_set=yes

## ----------------- ##
## Output variables. ##
## ----------------- ##

DEFS='-DPACKAGE_NAME=\"\" -DPACKAGE_TARNAME=\"\" -DPACKAGE_VERSION=\"\" -DPACKAGE_STRING=\"\" -DPACKAGE_BUGREPORT=\"\" -DPACKAGE_URL=\"\"'
ECHO_C=''
ECHO_N='-n'
ECHO_T=''
LIBOBJS=''
LIBS=''
LTLIBOBJS=''
PACKAGE_BUGREPORT=''
PACKAGE_NAME=''
PACKAGE_STRING=''
PACKAGE_TARNAME=''
PACKAGE_URL=''
PACKAGE_VERSION=''
PATH_SEPARATOR=':'
SET_MAKE=''
SHELL='/bin/bash'
bindir='${exec_prefix}/bin'
build_alias=''
datadir='${datarootdir}'
datarootdir='${prefix}/share'
docdir='${datarootdir}/doc/${PACKAGE}'
dvidir='${docdir}'
exec_prefix='${prefix}'
host_alias=''
htmldir='${docdir}'
includedir='${prefix}/include'
infodir='${datarootdir}/info'
libdir='${exec_prefix}/lib'
libexecdir='${exec_prefix}/libexec'
localedir='${datarootdir}/locale'
localstatedir='${prefix}/var'
mandir='${datarootdir}/man'
oldincludedir='/usr/include'
pdfdir='${docdir}'
prefix='/home/hyx/neovim/.deps/usr'
program_transform_name='s,x,x,'
psdir='${docdir}'
sbindir='${exec_prefix}/sbin'
sharedstatedir='${prefix}/com'
subdirs=' lib src tests doc'
sysconfdir='${prefix}/etc'
target_alias=''

## ----------- ##
## confdefs.h. ##
## ----------- ##

/* confdefs.h */
#define PACKAGE_NAME ""
#define PACKAGE_TARNAME ""
#define PACKAGE_VERSION ""
#define PACKAGE_STRING ""
#define PACKAGE_BUGREPORT ""
#define PACKAGE_URL ""

configure: exit 0
